1621456891183:find_genres
1621457400298:find_books
1621459371280:list_authors
1621842682948:add_genre 'genre' -description 'with spaces'
1621842699401:add_author 'Елшин' -firstname 'Антон' -middlename 'Николаевич'
1621842948186:update_author 6 -lastname 'Елшин 1'
1621842968309:update_author 6 -firstname 'Антон 1'
1621842980390:update_author 6 -middlename 'Николаевич 1'
1621843000563:update_author 6 -lastname 'Елшин' -firstname 'Антон' -middlename 'Николаевич'
1621843012885:update_author 6
1621843023339:delete_author 6
1621843228988:get_author 1
1621843233427:get_author 2
1621843238348:find_authors -lastname 'до'
1621843261218:find_authors
1621843265986:list_authors
1621843274018:count_authors
1621843294949:find_authors -lastname 'до'
1621935208206:delete_author 6
1622381512027:add_author 'Елшин' -firstname 'Антон' -middlename 'Николаевич'
1622381655161:update_author 6 -lastname 'Елшин 1'
1622382466241:add_author 'Елшин' -firstname 'Антон' -middlename 'Николаевич'
1622382528171:update_author 6 -lastname 'Елшин 1'
1622382548662:update_author 6 -lastname 'Елшин'
1622382836082:update_author 6 -lastname 'Елшин 1'
1622386918257:update_author 6 -firstname 'Антон 1'
1622386988801:add_author 'Елшин' -firstname 'Антон' -middlename 'Николаевич'
1622387031652:update_author 6 -lastname 'Елшин 1'
1622387073769:update_author 6 -firstname 'Антон 1'
1622387116767:update_author 6 -middlename 'Николаевич 1'
1622387146822:update_author 6 -lastname 'Елшин' -firstname 'Антон' -middlename 'Николаевич'
1622387184184:update_author 6
1622387220521:delete_author 6
1622387269007:get_author 1
1622387303406:find_authors -lastname 'до'
1622388448925:list_authors
1622388537124:find_authors -lastname 'до'
1622388572204:find_authors -firstname 'ал'
1622388595321:find_authors -middlename 'ти'
1622388617027:find_authors -lastname 'пу' -firstname 'ал' -middlename 'се'
1622388642764:find_authors
1622388662233:list_authors
1622388685324:count_authors
1622390361934:add_author 'Елшин' -firstname 'Антон' -middlename 'Николаевич'
1622390368594:delete_author 6
1622390846684:add_author 'Елшин' -firstname 'Антон' -middlename 'Николаевич'
1622390854704:delete_author 6
1622391268064:add_author 'Елшин' -firstname 'Антон' -middlename 'Николаевич'
1622391341030:update_author 6 -lastname 'Елшин 1'
1622391366951:update_author 6 -firstname 'Антон 1'
1622391401161:update_author 6 -middlename 'Николаевич 1'
1622391430282:update_author 6 -lastname 'Елшин' -firstname 'Антон' -middlename 'Николаевич'
1622391458482:update_author 6
1622391501632:delete_author 6
1622391530867:get_author 1
1622391551782:find_authors -lastname 'до'
1622391570202:find_authors -firstname 'ал'
1622391586612:find_authors -middlename 'ти'
1622391602653:find_authors -lastname 'пу' -firstname 'ал' -middlename 'се'
1622391624602:find_authors
1622391645850:list_authors
1622391662531:count_authors
1622393437299:add_genre 'genre' -description 'with spaces'
1622393706325:update_genre 4 -name 'genre 1'
1622393750911:update_genre 4 -description 'with spaces 1'
1622393790806:update_genre 4 -name 'genre' -description 'with spaces'
1622393814788:update_genre 4
1622393834741:update_genre 5
1622393853846:delete_genre 4
1622393937816:get_genre 1
1622393964816:find_genres 'дет'
1622393980376:find_genres 'пов'
1622393993957:find_genres
1622394008206:list_genres
1622394031056:count_genres
1622398759347:get_book 1
1622401931675:add_book 'title' -isbn 'isbn' -description 'desc' -authors '1,2' -genres '2,3'
1622402181322:get_book 5
1622402354596:get_book 1
1622402908950:get_author 1
1622402966019:get_book 1
1622445627428:get_book 5
1622445683068:get_book 1
1622445694831:get_book 5
1622446979683:add_book 'title' -isbn 'isbn' -description 'desc' -authors '1,2' -genres '2,3'
1622463752632:get_book 1
1622463861681:get_book 5
1622488885747:add_book 'title' -isbn 'isbn' -description 'desc' -authors '1,2' -genres '2,3'
1622488928504:update_book 5 -title 'title 1'
1622488985960:update_book 5 -isbn 'isbn 1'
1622489010725:update_book 5 -description 'desc 1'
1622489023853:update_book 5 -authors '3'
1622489060873:update_book 5 -genres '1'
1622489118129:update_book 5 -title 'title' -isbn 'isbn' -description 'desc' -authors '1,2' -genres '2,3'
1622489135564:delete_book 5
1622489875465:add_book 'title' -isbn 'isbn' -description 'desc' -authors '1,2' -genres '2,3'
1622489889076:delete_book 6
1622489898708:list_books
1622491244179:find_books -title 'по'
1622491262928:find_books -isbn '353'
1622491271071:find_books -authorId '1'
1622491315927:find_books -genreId '3'
1622491358053:find_books -authorId '4' -genreId '3'
1622491416598:find_books
1622491446772:get_book 1
1622491627223:list_books
1622491637191:count_books
1622492382332:add_genre 'genre' -description 'with spaces'
1622492413910:update_genre 4 -name 'genre 1'
1622492423697:update_genre 4 -description 'with spaces 1'
1622492432928:update_genre 4 -name 'genre' -description 'with spaces'
1622492446446:update_genre 4
1622492452301:update_genre 5
1622492469500:delete_genre 4
1622492737443:add_genre 'genre' -description 'with spaces'
1622492749209:update_genre 4 -name 'genre 1'
1622492758145:update_genre 4 -description 'with spaces 1'
1622492766351:update_genre 4 -name 'genre' -description 'with spaces'
1622492777495:update_genre 4
1622492794117:update_genre 5
1622492804043:delete_genre 4
1622493148263:add_genre 'genre' -description 'with spaces'
1622493161516:update_genre 4 -name 'genre 1'
1622493170202:update_genre 4 -description 'with spaces 1'
1622493178629:update_genre 4 -name 'genre' -description 'with spaces'
1622493187834:update_genre 4
1622493193945:update_genre 5
1622493206166:delete_genre 4
1622493214902:get_genre 1
1622493222335:find_genres 'дет'
1622493227317:find_genres 'пов'
1622493232344:find_genres
1622493297110:list_genres
1622493302286:count_genres
1622493317242:add_author 'Елшин' -firstname 'Антон' -middlename 'Николаевич'
1622493328126:update_author 6 -lastname 'Елшин 1'
1622493335441:update_author 6 -firstname 'Антон 1'
1622493344670:update_author 6 -middlename 'Николаевич 1'
1622493354240:update_author 6 -lastname 'Елшин' -firstname 'Антон' -middlename 'Николаевич'
1622493369742:update_author 6
1622493378670:delete_author 6
1622493395295:delete_author 1
1622493414950:delete_genre 3
1622493473758:delete_author 1
1622493482822:get_author 1
1622493488273:find_authors -lastname 'до'
1622493495002:find_authors -firstname 'ал'
1622493499493:find_authors -middlename 'ти'
1622493509361:find_authors -lastname 'пу' -firstname 'ал' -middlename 'се'
1622493521813:find_authors
1622493533382:list_authors
1622493538190:count_authors
1622493582700:add_book 'title' -isbn 'isbn' -description 'desc' -authors '1,2' -genres '2,3'
1622493752254:update_book 5 -title 'title 1'
1622493773076:update_book 5 -isbn 'isbn 1'
1622493783034:update_book 5 -description 'desc 1'
1622493798626:update_book 5 -authors '3'
1622493818002:update_book 5 -genres '1'
1622493841396:update_book 5 -title 'title' -isbn 'isbn' -description 'desc' -authors '1,2' -genres '2,3'
1622493865582:delete_book 5
1622493881943:get_book 1
1622493927552:find_books -title 'по'
1622493937567:find_books -isbn '353'
1622493941327:find_books -authorId '1'
1622493950880:find_books -genreId '3'
1622493968545:find_books -authorId '4' -genreId '3'
1622493987551:find_books
1622493997437:list_books
1622494012046:count_books
1622830767955:get_book 1
1622831604340:list_books
1622834600723:get_book 1
1622834745682:list_books
1622835200772:get_book 1
1622835249403:list_books
1622836190190:find_books -title 'по'
1622836351069:find_books -isbn '353'
1622836359669:find_books -authorId '1'
1622836364163:find_books -genreId '3'
1622836368447:find_books -authorId '4' -genreId '3'
1622836636034:add_book_comment 3 -text 'Замечательная книга'
1622837470555:update_book_comment 5 -bookId '3' -text 'Замечательная книга!'
1622837576123:add_book_comment 3 -text 'Замечательная книга'
1622837596566:update_book_comment 5 -bookId '3' -text 'Замечательная книга!'
1622837610537:get_book_comment 5
1622837655590:delete_book_comment 5
1622837887553:find_book_comments 1
1622837895630:count_book_comments 1
1622837927697:add_genre 'genre' -description 'with spaces'
1622838192915:update_genre 4 -name 'genre 1'
1622838202801:update_genre 4 -description 'with spaces 1'
1622838211744:update_genre 4 -name 'genre' -description 'with spaces'
1622838223773:update_genre 4
1622838239400:delete_genre 4
1622838254438:get_genre 1
1622838263810:find_genres 'дет'
1622838270437:find_genres 'пов'
1622838274452:find_genres
1622838279149:list_genres
1622838286045:count_genres
1622838297520:add_author 'Елшин' -firstname 'Антон' -middlename 'Николаевич'
1622838308296:update_author 6 -lastname 'Елшин 1'
1622838314103:update_author 6 -firstname 'Антон 1'
1622838323429:update_author 6 -middlename 'Николаевич 1'
1622838334897:update_author 6 -lastname 'Елшин' -firstname 'Антон' -middlename 'Николаевич'
1622838357096:update_author 6
1622838369038:delete_author 6
1622838378427:get_author 1
1622838385983:find_authors -lastname 'до'
1622838392022:find_authors -firstname 'ал'
1622838395677:find_authors -middlename 'ти'
1622838418416:find_authors -lastname 'пу' -firstname 'ал' -middlename 'се'
1622838432044:find_authors
1622838439155:list_authors
1622838462819:count_authors
1622838475840:add_book 'title' -isbn 'isbn' -description 'desc' -authors '1,2' -genres '2,3'
1622838556553:update_book 5 -title 'title 1'
1622838574095:update_book 5 -isbn 'isbn 1'
1622838587191:update_book 5 -description 'desc 1'
1622838596842:update_book 5 -authors '3'
1622838614008:update_book 5 -genres '1'
1622838633510:update_book 5 -title 'title' -isbn 'isbn' -description 'desc' -authors '1,2' -genres '2,3'
1622838653351:delete_book 5
1622838669446:get_book 1
1622838688960:find_books -title 'по'
1622838698597:find_books -isbn '353'
1622838706365:find_books -authorId '1'
1622838719237:find_books -genreId '3'
1622838739169:find_books -authorId '4' -genreId '3'
1622838752288:find_books
1622838778686:list_books
1622838788447:count_books
1622838822954:add_book_comment 3 -text 'Замечательная книга'
1622838837682:update_book_comment 5 -bookId '3' -text 'Замечательная книга!!!'
1622838858367:update_book_comment 5
1622839174290:update_book_comment 5 -bookId '2'
1622839319139:add_book_comment 3 -text 'Замечательная книга'
1622839339831:update_book_comment 5 -bookId '2'
1622839351520:update_book_comment 5 -text 'Замечательная книга!!!'
1622840116941:stacktrace
1622840220276:update_book_comment 5 -text 'Замечательная книга!!!'
1622840466192:update_book_comment 5 -bookId '2'
1622840514476:add_book_comment 3 -text 'Замечательная книга'
1622840526151:update_book_comment 5 -bookId '2'
1622840537064:update_book_comment 5 -text 'Замечательная книга!!!'
1622840548563:update_book_comment 5 -bookId '3' -text 'Замечательная книга'
1622840559609:update_book_comment 5
1622840566406:get_book_comment 5
1622840577983:delete_book_comment 5
1622840618583:get_book_comment 1
1622840629334:find_book_comments 1
1622840639430:count_book_comments 1
1622917693600:add_genre 'genre' -description 'with spaces'
1622917703249:update_genre 4 -name 'genre 1'
1622917711439:update_genre 4 -description 'with spaces 1'
1622917722085:update_genre 4 -name 'genre' -description 'with spaces'
1622917730372:update_genre 4
1622917739047:delete_genre 4
1622917751033:get_genre 1
1622917758704:find_genres 'дет'
1622917766800:find_genres 'пов'
1622917773206:find_genres
1622917777830:list_genres
1622917781933:count_genres
1622917791928:add_author 'Елшин' -firstname 'Антон' -middlename 'Николаевич'
1622917799199:update_author 6 -lastname 'Елшин 1'
1622917821338:update_author 6 -firstname 'Антон 1'
1622917829039:update_author 6 -middlename 'Николаевич 1'
1622917836249:update_author 6 -lastname 'Елшин' -firstname 'Антон' -middlename 'Николаевич'
1622917843774:update_author 6
1622917851422:delete_author 6
1622917856566:delete_author 5
1622917868273:get_author 1
1622917874659:find_authors -lastname 'до'
1622917878358:find_authors -firstname 'ал'
1622917881892:find_authors -middlename 'ти'
1622917886605:find_authors -lastname 'пу' -firstname 'ал' -middlename 'се'
1622917891557:find_authors
1622917895633:list_authors
1622917900212:count_authors
1622917904370:add_book 'title' -isbn 'isbn' -description 'desc' -authors '1,2' -genres '2,3'
1622917917052:update_book 5 -title 'title 1'
1622917925229:update_book 5 -isbn 'isbn 1'
1622917932264:update_book 5 -description 'desc 1'
1622917942975:update_book 5 -authors '3'
1622917949662:update_book 5 -genres '1'
1622917957760:update_book 5 -title 'title' -isbn 'isbn' -description 'desc' -authors '1,2' -genres '2,3'
1622917974276:delete_book 5
1622917987941:get_book 1
1622917998855:find_books -title 'по'
1622918006839:find_books -isbn '353'
1622918010191:find_books -authorId '1'
1622918017430:find_books -genreId '3'
1622918027416:find_books -authorId '4' -genreId '3'
1622918031166:find_books
1622918034765:list_books
1622918038501:count_books
1622918052819:add_book_comment 3 -text 'Замечательная книга'
1622918062645:update_book_comment 5 -bookId '2'
1622918070200:update_book_comment 5 -text 'Замечательная книга!!!'
1622918081583:update_book_comment 5 -bookId '3' -text 'Замечательная книга'
1622918095391:update_book_comment 5
1622918103023:delete_book_comment 5
1622918118415:get_book_comment 1
1622918122135:find_book_comments 1
1622918125647:count_book_comments 1
1622918517825:find_book_comments 1
